<?xml version="1.0" encoding="UTF-8"?>
<testsuite xmlns:xsi="http://www.w3.org/2001/XMLSchema-instance" xsi:noNamespaceSchemaLocation="https://maven.apache.org/surefire/maven-surefire-plugin/xsd/surefire-test-report.xsd" name="fiuba.algo3.AlgoChess.AppTest" time="0.047" tests="1" errors="0" skipped="0" failures="0">
  <properties>
    <property name="sun.desktop" value="gnome"/>
    <property name="awt.toolkit" value="sun.awt.X11.XToolkit"/>
    <property name="java.specification.version" value="11"/>
    <property name="sun.cpu.isalist" value=""/>
    <property name="sun.jnu.encoding" value="UTF-8"/>
    <property name="java.class.path" value="/home/moreover/Documents/Algo3/algo-chess/target/test-classes:/home/moreover/Documents/Algo3/algo-chess/target/classes:/home/moreover/.m2/repository/junit/junit/4.11/junit-4.11.jar:/home/moreover/.m2/repository/org/hamcrest/hamcrest-core/1.3/hamcrest-core-1.3.jar:/home/moreover/.m2/repository/org/mockito/mockito-all/1.9.0/mockito-all-1.9.0.jar:/home/moreover/.m2/repository/org/junit/jupiter/junit-jupiter-api/5.4.0/junit-jupiter-api-5.4.0.jar:/home/moreover/.m2/repository/org/apiguardian/apiguardian-api/1.0.0/apiguardian-api-1.0.0.jar:/home/moreover/.m2/repository/org/opentest4j/opentest4j/1.1.1/opentest4j-1.1.1.jar:/home/moreover/.m2/repository/org/junit/platform/junit-platform-commons/1.4.0/junit-platform-commons-1.4.0.jar:/home/moreover/.m2/repository/com/googlecode/json-simple/json-simple/1.1.1/json-simple-1.1.1.jar:/home/moreover/.m2/repository/net/sourceforge/cobertura/cobertura/2.0.3/cobertura-2.0.3.jar:/home/moreover/.m2/repository/org/ow2/asm/asm/4.1/asm-4.1.jar:/home/moreover/.m2/repository/org/ow2/asm/asm-tree/4.1/asm-tree-4.1.jar:/home/moreover/.m2/repository/org/ow2/asm/asm-commons/4.1/asm-commons-4.1.jar:/home/moreover/.m2/repository/org/ow2/asm/asm-util/4.1/asm-util-4.1.jar:/home/moreover/.m2/repository/org/ow2/asm/asm-analysis/4.1/asm-analysis-4.1.jar:/home/moreover/.m2/repository/oro/oro/2.0.8/oro-2.0.8.jar:/home/moreover/.m2/repository/jaxen/jaxen/1.1-beta-8/jaxen-1.1-beta-8.jar:/home/moreover/.m2/repository/dom4j/dom4j/1.6.1/dom4j-1.6.1.jar:/home/moreover/.m2/repository/xml-apis/xml-apis/1.0.b2/xml-apis-1.0.b2.jar:/home/moreover/.m2/repository/jdom/jdom/1.0/jdom-1.0.jar:/home/moreover/.m2/repository/xerces/xmlParserAPIs/2.6.2/xmlParserAPIs-2.6.2.jar:/home/moreover/.m2/repository/xerces/xercesImpl/2.6.2/xercesImpl-2.6.2.jar:/home/moreover/.m2/repository/xom/xom/1.0b3/xom-1.0b3.jar:/home/moreover/.m2/repository/com/ibm/icu/icu4j/2.6.1/icu4j-2.6.1.jar:/home/moreover/.m2/repository/xalan/xalan/2.6.0/xalan-2.6.0.jar:/home/moreover/.m2/repository/org/ccil/cowan/tagsoup/tagsoup/0.9.7/tagsoup-0.9.7.jar:/home/moreover/.m2/repository/org/apache/ant/ant/1.8.3/ant-1.8.3.jar:/home/moreover/.m2/repository/org/apache/ant/ant-launcher/1.8.3/ant-launcher-1.8.3.jar:/home/moreover/.m2/repository/org/mortbay/jetty/servlet-api-2.5/6.1.14/servlet-api-2.5-6.1.14.jar:/home/moreover/.m2/repository/org/mortbay/jetty/jetty/6.1.14/jetty-6.1.14.jar:/home/moreover/.m2/repository/org/mortbay/jetty/jetty-util/6.1.14/jetty-util-6.1.14.jar:/home/moreover/.m2/repository/log4j/log4j/1.2.9/log4j-1.2.9.jar:/home/moreover/.m2/repository/pmd/pmd/4.3/pmd-4.3.jar:/home/moreover/.m2/repository/ant/ant/1.6/ant-1.6.jar:/home/moreover/.m2/repository/asm/asm/3.2/asm-3.2.jar:"/>
    <property name="java.vm.vendor" value="Ubuntu"/>
    <property name="sun.arch.data.model" value="64"/>
    <property name="java.vendor.url" value="https://ubuntu.com/"/>
    <property name="user.timezone" value=""/>
    <property name="java.vm.specification.version" value="11"/>
    <property name="os.name" value="Linux"/>
    <property name="sun.java.launcher" value="SUN_STANDARD"/>
    <property name="user.country" value="US"/>
    <property name="sun.boot.library.path" value="/usr/lib/jvm/java-11-openjdk-amd64/lib"/>
    <property name="sun.java.command" value="/home/moreover/Documents/Algo3/algo-chess/target/surefire/surefirebooter3052104882681390101.jar /home/moreover/Documents/Algo3/algo-chess/target/surefire 2019-10-31T01-13-53_608-jvmRun1 surefire3371059807387717745tmp surefire_018090753006420573274tmp"/>
    <property name="jdk.debug" value="release"/>
    <property name="surefire.test.class.path" value="/home/moreover/Documents/Algo3/algo-chess/target/test-classes:/home/moreover/Documents/Algo3/algo-chess/target/classes:/home/moreover/.m2/repository/junit/junit/4.11/junit-4.11.jar:/home/moreover/.m2/repository/org/hamcrest/hamcrest-core/1.3/hamcrest-core-1.3.jar:/home/moreover/.m2/repository/org/mockito/mockito-all/1.9.0/mockito-all-1.9.0.jar:/home/moreover/.m2/repository/org/junit/jupiter/junit-jupiter-api/5.4.0/junit-jupiter-api-5.4.0.jar:/home/moreover/.m2/repository/org/apiguardian/apiguardian-api/1.0.0/apiguardian-api-1.0.0.jar:/home/moreover/.m2/repository/org/opentest4j/opentest4j/1.1.1/opentest4j-1.1.1.jar:/home/moreover/.m2/repository/org/junit/platform/junit-platform-commons/1.4.0/junit-platform-commons-1.4.0.jar:/home/moreover/.m2/repository/com/googlecode/json-simple/json-simple/1.1.1/json-simple-1.1.1.jar:/home/moreover/.m2/repository/net/sourceforge/cobertura/cobertura/2.0.3/cobertura-2.0.3.jar:/home/moreover/.m2/repository/org/ow2/asm/asm/4.1/asm-4.1.jar:/home/moreover/.m2/repository/org/ow2/asm/asm-tree/4.1/asm-tree-4.1.jar:/home/moreover/.m2/repository/org/ow2/asm/asm-commons/4.1/asm-commons-4.1.jar:/home/moreover/.m2/repository/org/ow2/asm/asm-util/4.1/asm-util-4.1.jar:/home/moreover/.m2/repository/org/ow2/asm/asm-analysis/4.1/asm-analysis-4.1.jar:/home/moreover/.m2/repository/oro/oro/2.0.8/oro-2.0.8.jar:/home/moreover/.m2/repository/jaxen/jaxen/1.1-beta-8/jaxen-1.1-beta-8.jar:/home/moreover/.m2/repository/dom4j/dom4j/1.6.1/dom4j-1.6.1.jar:/home/moreover/.m2/repository/xml-apis/xml-apis/1.0.b2/xml-apis-1.0.b2.jar:/home/moreover/.m2/repository/jdom/jdom/1.0/jdom-1.0.jar:/home/moreover/.m2/repository/xerces/xmlParserAPIs/2.6.2/xmlParserAPIs-2.6.2.jar:/home/moreover/.m2/repository/xerces/xercesImpl/2.6.2/xercesImpl-2.6.2.jar:/home/moreover/.m2/repository/xom/xom/1.0b3/xom-1.0b3.jar:/home/moreover/.m2/repository/com/ibm/icu/icu4j/2.6.1/icu4j-2.6.1.jar:/home/moreover/.m2/repository/xalan/xalan/2.6.0/xalan-2.6.0.jar:/home/moreover/.m2/repository/org/ccil/cowan/tagsoup/tagsoup/0.9.7/tagsoup-0.9.7.jar:/home/moreover/.m2/repository/org/apache/ant/ant/1.8.3/ant-1.8.3.jar:/home/moreover/.m2/repository/org/apache/ant/ant-launcher/1.8.3/ant-launcher-1.8.3.jar:/home/moreover/.m2/repository/org/mortbay/jetty/servlet-api-2.5/6.1.14/servlet-api-2.5-6.1.14.jar:/home/moreover/.m2/repository/org/mortbay/jetty/jetty/6.1.14/jetty-6.1.14.jar:/home/moreover/.m2/repository/org/mortbay/jetty/jetty-util/6.1.14/jetty-util-6.1.14.jar:/home/moreover/.m2/repository/log4j/log4j/1.2.9/log4j-1.2.9.jar:/home/moreover/.m2/repository/pmd/pmd/4.3/pmd-4.3.jar:/home/moreover/.m2/repository/ant/ant/1.6/ant-1.6.jar:/home/moreover/.m2/repository/asm/asm/3.2/asm-3.2.jar:"/>
    <property name="sun.cpu.endian" value="little"/>
    <property name="user.home" value="/home/moreover"/>
    <property name="user.language" value="en"/>
    <property name="java.specification.vendor" value="Oracle Corporation"/>
    <property name="java.version.date" value="2019-07-16"/>
    <property name="java.home" value="/usr/lib/jvm/java-11-openjdk-amd64"/>
    <property name="file.separator" value="/"/>
    <property name="basedir" value="/home/moreover/Documents/Algo3/algo-chess"/>
    <property name="java.vm.compressedOopsMode" value="32-bit"/>
    <property name="line.separator" value="&#10;"/>
    <property name="java.specification.name" value="Java Platform API Specification"/>
    <property name="java.vm.specification.vendor" value="Oracle Corporation"/>
    <property name="java.awt.graphicsenv" value="sun.awt.X11GraphicsEnvironment"/>
    <property name="surefire.real.class.path" value="/home/moreover/Documents/Algo3/algo-chess/target/surefire/surefirebooter3052104882681390101.jar"/>
    <property name="sun.management.compiler" value="HotSpot 64-Bit Tiered Compilers"/>
    <property name="java.runtime.version" value="11.0.4+11-post-Ubuntu-1ubuntu218.04.3"/>
    <property name="user.name" value="moreover"/>
    <property name="path.separator" value=":"/>
    <property name="os.version" value="5.0.0-31-generic"/>
    <property name="java.runtime.name" value="OpenJDK Runtime Environment"/>
    <property name="file.encoding" value="UTF-8"/>
    <property name="java.vm.name" value="OpenJDK 64-Bit Server VM"/>
    <property name="localRepository" value="/home/moreover/.m2/repository"/>
    <property name="java.vendor.url.bug" value="https://bugs.launchpad.net/ubuntu/+source/openjdk-lts"/>
    <property name="java.io.tmpdir" value="/tmp"/>
    <property name="java.version" value="11.0.4"/>
    <property name="user.dir" value="/home/moreover/Documents/Algo3/algo-chess"/>
    <property name="os.arch" value="amd64"/>
    <property name="java.vm.specification.name" value="Java Virtual Machine Specification"/>
    <property name="java.awt.printerjob" value="sun.print.PSPrinterJob"/>
    <property name="sun.os.patch.level" value="unknown"/>
    <property name="java.library.path" value="/usr/java/packages/lib:/usr/lib/x86_64-linux-gnu/jni:/lib/x86_64-linux-gnu:/usr/lib/x86_64-linux-gnu:/usr/lib/jni:/lib:/usr/lib"/>
    <property name="java.vendor" value="Ubuntu"/>
    <property name="java.vm.info" value="mixed mode, sharing"/>
    <property name="java.vm.version" value="11.0.4+11-post-Ubuntu-1ubuntu218.04.3"/>
    <property name="sun.io.unicode.encoding" value="UnicodeLittle"/>
    <property name="java.class.version" value="55.0"/>
  </properties>
  <testcase name="shouldAnswerWithTrue" classname="fiuba.algo3.AlgoChess.AppTest" time="0.003"/>
</testsuite>